<?xml version="1.0" encoding="UTF-8"?>
<testsuites name="Mocha Tests" time="14.119" tests="1" failures="0">
  <testsuite name="Root Suite" timestamp="2024-07-08T18:15:35" tests="0" file="cypress/e2e/addProductToCart.cy.js" time="0.000" failures="0">
  </testsuite>
  <testsuite name="Add to cart functionality" timestamp="2024-07-08T18:15:35" tests="1" time="14.104" failures="0">
    <testcase name="Add to cart functionality Successful addition of a product to the cart" time="13.092" classname="Successful addition of a product to the cart">
    </testcase>
  </testsuite>
</testsuites>