<?xml version="1.0" encoding="UTF-8"?>
<testsuites name="Mocha Tests" time="12.856" tests="1" failures="0">
  <testsuite name="Root Suite" timestamp="2024-07-09T10:52:50" tests="0" file="cypress/e2e/regValidData.cy.js" time="0.000" failures="0">
  </testsuite>
  <testsuite name="User Registration Process" timestamp="2024-07-09T10:52:50" tests="1" time="12.845" failures="0">
    <testcase name="User Registration Process Registration with Valid Data" time="12.420" classname="Registration with Valid Data">
    </testcase>
  </testsuite>
</testsuites>