<?xml version="1.0" encoding="UTF-8"?>
<testsuites name="Mocha Tests" time="32.228" tests="1" failures="1">
  <testsuite name="Root Suite" timestamp="2024-07-08T18:16:41" tests="0" file="cypress/e2e/regValidData.cy.js" time="0.000" failures="0">
  </testsuite>
  <testsuite name="User Registration Process" timestamp="2024-07-08T18:16:41" tests="1" time="32.224" failures="1">
    <testcase name="User Registration Process Registration with Valid Data" time="12.346" classname="Registration with Valid Data">
      <failure message="expected &apos;&lt;input#firstName88.zds-input-base__input&gt;&apos; to have value &apos;Jan&apos;, but the value was &apos;sdasd&apos;" type="AssertionError"><![CDATA[AssertionError: expected '<input#firstName88.zds-input-base__input>' to have value 'Jan', but the value was 'sdasd'
    at Context.eval (webpack://cypress_zara/./cypress/e2e/regValidData.cy.js:41:18)

      + expected - actual

      -'sdasd'
      +'Jan'
      ]]></failure>
    </testcase>
  </testsuite>
</testsuites>